<?xml version="1.0" encoding="UTF-8"?>
<!-- Generated by org.testng.reporters.JUnitXMLReporter -->
<testsuite ignored="0" hostname="DESKTOP-5BBDTNE" failures="1" tests="1" name="Surefire test" time="8.173" errors="0" timestamp="2025-06-05T13:47:01 BST">
  <testcase classname="tests.LoginTest" name="testValidLogin" time="0.445">
    <failure type="java.lang.AssertionError" message="expected [Dashboard / nopCommerce administration] but found [nopCommerce demo store. Login]">
      <![CDATA[java.lang.AssertionError: expected [Dashboard / nopCommerce administration] but found [nopCommerce demo store. Login]
at tests.LoginTest.testValidLogin(LoginTest.java:17)
at java.base/java.util.ArrayList.forEach(ArrayList.java:1596)
... Removed 36 stack frames]]>
    </failure>
  </testcase> <!-- testValidLogin -->
</testsuite> <!-- Surefire test -->
