<?xml version="1.0" encoding="UTF-8"?>
<testng-results ignored="0" total="1" passed="1" failed="0" skipped="0">
  <reporter-output>
  </reporter-output>
  <suite started-at="2025-06-05T14:06:46 BST" name="LoginSuite" finished-at="2025-06-05T14:06:50 BST" duration-ms="3618">
    <groups>
    </groups>
    <test started-at="2025-06-05T14:06:46 BST" name="LoginTest" finished-at="2025-06-05T14:06:50 BST" duration-ms="3618">
      <class name="tests.LoginTest">
        <test-method is-config="true" signature="setUp()[pri:0, instance:tests.LoginTest@3c19aaa5]" started-at="2025-06-05T14:06:46 BST" name="setUp" finished-at="2025-06-05T14:06:49 BST" duration-ms="2692" status="PASS">
          <reporter-output>
          </reporter-output>
        </test-method> <!-- setUp -->
        <test-method signature="testValidLogin()[pri:0, instance:tests.LoginTest@3c19aaa5]" started-at="2025-06-05T14:06:49 BST" name="testValidLogin" finished-at="2025-06-05T14:06:49 BST" duration-ms="548" status="PASS">
          <reporter-output>
          </reporter-output>
        </test-method> <!-- testValidLogin -->
        <test-method is-config="true" signature="tearDown()[pri:0, instance:tests.LoginTest@3c19aaa5]" started-at="2025-06-05T14:06:49 BST" name="tearDown" finished-at="2025-06-05T14:06:50 BST" duration-ms="322" status="PASS">
          <reporter-output>
          </reporter-output>
        </test-method> <!-- tearDown -->
      </class> <!-- tests.LoginTest -->
    </test> <!-- LoginTest -->
  </suite> <!-- LoginSuite -->
</testng-results>
